<?xml version="1.0" encoding="UTF-8"?>
<testng-results ignored="0" total="1" passed="1" failed="0" skipped="0">
  <reporter-output>
  </reporter-output>
  <suite started-at="2023-02-17T14:53:53 IST" name="Suite" finished-at="2023-02-17T14:54:01 IST" duration-ms="8478">
    <groups>
    </groups>
    <test started-at="2023-02-17T14:53:53 IST" name="Test" finished-at="2023-02-17T14:54:01 IST" duration-ms="8478">
      <class name="page_object.FB_loginTest">
        <test-method is-config="true" signature="setup(java.lang.String)[pri:0, instance:page_object.FB_loginTest@10e31a9a]" started-at="2023-02-17T14:53:53 IST" name="setup" finished-at="2023-02-17T14:54:00 IST" duration-ms="7737" status="PASS">
          <params>
            <param index="0">
              <value>
                <![CDATA[chrome]]>
              </value>
            </param>
          </params>
          <reporter-output>
          </reporter-output>
        </test-method> <!-- setup -->
        <test-method signature="login()[pri:0, instance:page_object.FB_loginTest@10e31a9a]" started-at="2023-02-17T14:54:00 IST" name="login" finished-at="2023-02-17T14:54:01 IST" duration-ms="351" status="PASS">
          <reporter-output>
          </reporter-output>
        </test-method> <!-- login -->
        <test-method is-config="true" signature="tearDown()[pri:0, instance:page_object.FB_loginTest@10e31a9a]" started-at="2023-02-17T14:54:01 IST" name="tearDown" finished-at="2023-02-17T14:54:01 IST" duration-ms="327" status="PASS">
          <reporter-output>
          </reporter-output>
        </test-method> <!-- tearDown -->
      </class> <!-- page_object.FB_loginTest -->
    </test> <!-- Test -->
  </suite> <!-- Suite -->
</testng-results>
