<?xml version="1.0" encoding="UTF-8"?>
<testng-results ignored="0" total="2" passed="2" failed="0" skipped="0">
  <reporter-output>
  </reporter-output>
  <suite started-at="2023-02-17T11:00:39 IST" name="Suite" finished-at="2023-02-17T11:00:52 IST" duration-ms="12981">
    <groups>
    </groups>
    <test started-at="2023-02-17T11:00:39 IST" name="chromebrowser" finished-at="2023-02-17T11:00:46 IST" duration-ms="7100">
      <class name="page_object.FB_loginTest">
        <test-method is-config="true" signature="setup(java.lang.String)[pri:0, instance:page_object.FB_loginTest@2a798d51]" started-at="2023-02-17T11:00:39 IST" name="setup" finished-at="2023-02-17T11:00:45 IST" duration-ms="6211" status="PASS">
          <params>
            <param index="0">
              <value>
                <![CDATA[chrome]]>
              </value>
            </param>
          </params>
          <reporter-output>
          </reporter-output>
        </test-method> <!-- setup -->
        <test-method signature="login()[pri:0, instance:page_object.FB_loginTest@2a798d51]" started-at="2023-02-17T11:00:45 IST" name="login" finished-at="2023-02-17T11:00:46 IST" duration-ms="387" status="PASS">
          <reporter-output>
          </reporter-output>
        </test-method> <!-- login -->
        <test-method is-config="true" signature="tearDown()[pri:0, instance:page_object.FB_loginTest@2a798d51]" started-at="2023-02-17T11:00:46 IST" name="tearDown" finished-at="2023-02-17T11:00:46 IST" duration-ms="422" status="PASS">
          <reporter-output>
          </reporter-output>
        </test-method> <!-- tearDown -->
      </class> <!-- page_object.FB_loginTest -->
    </test> <!-- chromebrowser -->
    <test started-at="2023-02-17T11:00:46 IST" name="edgebrowser" finished-at="2023-02-17T11:00:52 IST" duration-ms="5821">
      <class name="page_object.FB_loginTest">
        <test-method is-config="true" signature="setup(java.lang.String)[pri:0, instance:page_object.FB_loginTest@49e53c76]" started-at="2023-02-17T11:00:46 IST" name="setup" finished-at="2023-02-17T11:00:51 IST" duration-ms="5065" status="PASS">
          <params>
            <param index="0">
              <value>
                <![CDATA[edge]]>
              </value>
            </param>
          </params>
          <reporter-output>
          </reporter-output>
        </test-method> <!-- setup -->
        <test-method signature="login()[pri:0, instance:page_object.FB_loginTest@49e53c76]" started-at="2023-02-17T11:00:51 IST" name="login" finished-at="2023-02-17T11:00:52 IST" duration-ms="365" status="PASS">
          <reporter-output>
          </reporter-output>
        </test-method> <!-- login -->
        <test-method is-config="true" signature="tearDown()[pri:0, instance:page_object.FB_loginTest@49e53c76]" started-at="2023-02-17T11:00:52 IST" name="tearDown" finished-at="2023-02-17T11:00:52 IST" duration-ms="383" status="PASS">
          <reporter-output>
          </reporter-output>
        </test-method> <!-- tearDown -->
      </class> <!-- page_object.FB_loginTest -->
    </test> <!-- edgebrowser -->
  </suite> <!-- Suite -->
</testng-results>
